<?xml version="1.0" encoding="UTF-8"?>
<testsuite name="HikingTrails.Hikers.tests.HikerModelTest-20241210092827" tests="2" file="HikingTrails/Hikers/tests.py" time="0.743" timestamp="2024-12-10T09:28:28" failures="0" errors="0" skipped="0">
	<testcase classname="HikingTrails.Hikers.tests.HikerModelTest" name="test_hiker_creation" time="0.393" timestamp="2024-12-10T09:28:28" file="HikingTrails\Hikers\tests.py" line="17"/>
	<testcase classname="HikingTrails.Hikers.tests.HikerModelTest" name="test_hiker_string_representation" time="0.350" timestamp="2024-12-10T09:28:28" file="HikingTrails\Hikers\tests.py" line="24"/>
</testsuite>
