<?xml version="1.0" encoding="UTF-8"?>
<testsuite name="HikingTrails.RecommendationsBook.tests.BookRecommendationFormTest-20241210092827" tests="2" file="HikingTrails/RecommendationsBook/tests.py" time="0.711" timestamp="2024-12-10T09:28:29" failures="0" errors="0" skipped="0">
	<testcase classname="HikingTrails.RecommendationsBook.tests.BookRecommendationFormTest" name="test_book_recommendation_form_invalid" time="0.356" timestamp="2024-12-10T09:28:29" file="HikingTrails\RecommendationsBook\tests.py" line="34"/>
	<testcase classname="HikingTrails.RecommendationsBook.tests.BookRecommendationFormTest" name="test_book_recommendation_form_valid" time="0.355" timestamp="2024-12-10T09:28:29" file="HikingTrails\RecommendationsBook\tests.py" line="25"/>
</testsuite>
